Log: Log file open, 01/01/14 23:08:30
Init: Name subsystem initialized
Init: Detected: Microsoft Windows NT 5.1 (Build: 2600)
Init: Version: 436
Init: Compiled: Oct 24 2000 23:40:18
Init: Command line: CTF-Face.unr?Game=BotPack.CTFGame?Mutator=?Listen -server log=server.log
Init: Base directory: C:\UnrealTournament\System\
Init: Character set: Unicode
Log: Bound to Engine.dll
Log: Bound to Core.dll
Log: Bound to Window.dll
Init: Object subsystem initialized
Init: Computer: HOMEF8A7131042
Init: User: KennethATaylor
Init: Memory total: Phys=2097151K Pagef=4194303K Virt=2097024K
Init: Working set: 32000 / 159000
Init: CPU Speed=2716.525589 MHz
Init: CPU Page size=4096, Processors=2
Init: CPU Detected: PentiumPro-class processor (GenuineIntel)
Init: CPU Features: CMov FPU RDTSC PAE MMX KNI
Init: Unreal engine initialized
Log: Browse: CTF-Face.unr?Name=Saturis?Class=BotPack.TFemale1?team=0?skin=FCommandoSkins.aphe?Face=FCommandoSkins.Portia?Voice=LeelaVoice.LeelaVoice?Game=BotPack.CTFGame?Mutator=?Listen
Log: LoadMap: CTF-Face.unr?Name=Saturis?Class=BotPack.TFemale1?team=0?skin=FCommandoSkins.aphe?Face=FCommandoSkins.Portia?Voice=LeelaVoice.LeelaVoice?Game=BotPack.CTFGame?Mutator=?Listen
Log: Bound to Fire.dll
Log: Bound to IpDrv.dll
Log: Collecting garbage
Log: Purging garbage
Log: Garbage: objects: 16940->16940; refs: 225321
Log: Game class is 'CTFGame'
Init: WinSock: version 1.1 (2.2), MaxSocks=32767, MaxUdp=65467
Init: WinSock: Socket queue size left as default.
Init: WinSock: I am home-f8a7131042 (192.168.1.3)
DevNet: TcpNetDriver on port 7777
Log: Server Package: SoldierSkins
Log: Server Package: CommandoSkins
Log: Server Package: FCommandoSkins
Log: Server Package: SGirlSkins
Log: Server Package: BossSkins
Log: Server Package: Botpack
Log: Server Package: MultiMesh
Log: Server Package: Relics
Log: Server Package: EpicCustomModels
Log: Server Package: TCowMeshSkins
Log: Server Package: TNaliMeshSkins
Log: Server Package: TSkMSkins
Log: Server Package: De
Log: Server Package: LeelaVoice
Log: Server Package: CrotchShot
Log: Server Package: EnforcerArena
Log: Server Package: JailBreak
Log: Bound to UWeb.dll
Log: Server Package: JBArena
Log: Server Package: JBSpecials
Log: Server Package: Screen
Log: Spawning: IpDrv.UdpBeacon
Log: Spawning: IpServer.UdpServerQuery
Log: Spawning: IpServer.UdpServerUplink
Log: Spawning: IpServer.UdpServerUplink
Log: Spawning: IpServer.UdpServerUplink
Log: Spawning: UWeb.WebServer
Log: Level is Level CTF-Face.MyLevel
Log: Bringing Level CTF-Face.MyLevel up for play (20)...
ScriptLog: InitGame: ?Name=Saturis?Class=BotPack.TFemale1?team=0?skin=FCommandoSkins.aphe?Face=FCommandoSkins.Portia?Voice=LeelaVoice.LeelaVoice?Game=BotPack.CTFGame?Mutator=?Listen
ScriptLog: Base Mutator is CTF-Face.DMMutator0
ScriptLog: UdpServerQuery(crt): Port 7779 successfully bound.
ScriptLog: DoUplink is not set.  Not connecting to Master Server.
ScriptLog: DoUplink is not set.  Not connecting to Master Server.
ScriptLog: DoUplink is not set.  Not connecting to Master Server.
ScriptLog: Webserver is not enabled.  Set bEnabled to True in Advanced Options.
ScriptLog: Initiating local logging...
ScriptLog: Initiating world logging...
Init: Game engine initialized
Log: Startup time: 1.052849 seconds
Log: WLog::OnCommand ID_NotifyExit
Log: appRequestExit(0)
Exit: Preparing to exit.
Log: Purging garbage
Log: Unbound to Engine.dll
Log: Unbound to Core.dll
Log: Unbound to Window.dll
Log: 0.0ms Unloading: Package Engine
Log: 0.0ms Unloading: Package Core
Exit: Game engine shut down
Log: 0.0ms Unloading: Package CTF-Face
Log: 0.0ms Unloading: Package SkyCity
Log: 0.0ms Unloading: Package Detail
Log: Unbound to Fire.dll
Log: 0.0ms Unloading: Package Fire
Log: 0.0ms Unloading: Package ShaneChurch
Log: 0.0ms Unloading: Package UTtech1
Log: 0.0ms Unloading: Package Botpack
Log: 0.0ms Unloading: Package UnrealShare
Log: 0.0ms Unloading: Package UnrealI
Log: 0.0ms Unloading: Package Female2Voice
Log: 0.0ms Unloading: Package Male2Voice
Log: 0.0ms Unloading: Package Female1Voice
Log: 0.0ms Unloading: Package BossVoice
Log: 0.0ms Unloading: Package Male1Voice
Log: 0.0ms Unloading: Package UMenu
Log: 0.0ms Unloading: Package UWindow
Log: 0.0ms Unloading: Package UBrowser
Log: Unbound to IpDrv.dll
Log: 0.0ms Unloading: Package IpDrv
Log: 0.0ms Unloading: Package Announcer
Log: 0.0ms Unloading: Package PlayrShp
Log: 0.0ms Unloading: Package JWSky
Log: 0.0ms Unloading: Package GreatFire
Log: 0.0ms Unloading: Package utcrypt
Log: 0.0ms Unloading: Package genfluid
Log: 0.0ms Unloading: Package GenFX
Log: 0.0ms Unloading: Package CTF
Log: 0.0ms Unloading: Package Crypt2
Log: 0.0ms Unloading: Package XbpFX
Log: 0.0ms Unloading: Package XFX
Log: 0.0ms Unloading: Package DecayedS
Log: 0.0ms Unloading: Package Palettes
Log: 0.0ms Unloading: Package SpaceFX
Log: 0.0ms Unloading: Package Foregone
Exit: WinSock shut down
Log: 0.0ms Unloading: Package SoldierSkins
Log: 0.0ms Unloading: Package CommandoSkins
Log: 0.0ms Unloading: Package FCommandoSkins
Log: 0.0ms Unloading: Package SGirlSkins
Log: 0.0ms Unloading: Package BossSkins
Log: 0.0ms Unloading: Package MultiMesh
Log: 0.0ms Unloading: Package EpicCustomModels
Log: 0.0ms Unloading: Package Relics
Log: 0.0ms Unloading: Package TCowMeshSkins
Log: 0.0ms Unloading: Package TNaliMeshSkins
Log: 0.0ms Unloading: Package TSkMSkins
Log: 0.0ms Unloading: Package de
Log: 0.0ms Unloading: Package LeelaVoice
Log: 0.0ms Unloading: Package CrotchShot
Log: 0.0ms Unloading: Package EnforcerArena
Log: 0.0ms Unloading: Package JailBreak
Log: Unbound to UWeb.dll
Log: 0.0ms Unloading: Package UWeb
Log: 0.0ms Unloading: Package UTServerAdmin
Log: 0.0ms Unloading: Package IpServer
Log: 0.0ms Unloading: Package JBAudio
Log: 0.0ms Unloading: Package UTMenu
Log: 0.0ms Unloading: Package LadderSounds
Log: 0.0ms Unloading: Package LadrArrow
Log: 0.0ms Unloading: Package UTBrowser
Log: 0.0ms Unloading: Package JBArena
Log: 0.0ms Unloading: Package JBSpecials
Log: 0.0ms Unloading: Package Screen
Log: 0.0ms Unloading: Package ScreenFonts
Log: 0.0ms Unloading: Package ScriptedScreen
Log: Garbage: objects: 17446->0; refs: 225321
Exit: Object subsystem successfully closed.
Exit: Exiting.
Uninitialized: Name subsystem shut down
Uninitialized: Memory Allocation Status
Uninitialized: Curr Memory  0.043M /  0.992M
Uninitialized: Peak Memory  14.952M /  16.594M
Uninitialized: Allocs          49 Current /  177769 Total
Uninitialized: Log file closed, 01/01/14 23:08:38
