Log: Log file open, 02/09/19 22:08:19
Init: Name subsystem initialized
Init: Detected: Microsoft Windows NT 6.1 (Build: 7601)
Init: Version: 432
Init: Compiled: Oct  4 2000 21:31:15
Init: Command line: 
Init: Base directory: E:\Video Games\UnrealTournament\System\
Init: Character set: Unicode
Log: Bound to Engine.dll
Log: Bound to Core.dll
Log: Bound to Window.dll
Init: Object subsystem initialized
Init: Computer: NICOLLET
Init: User: Daddy
Init: Memory total: Phys=4121524K Pagef=4194303K Virt=2097024K
Init: Working set: 32000 / 159000
Init: CPU Speed=2098.292065 MHz
Init: CPU Page size=4096, Processors=2
Init: CPU Detected: PentiumPro-class processor (GenuineIntel)
Init: CPU Features: CMov FPU RDTSC PAE MMX KNI
Init: Unreal engine initialized
Log: Bound to WinDrv.dll
Init: Mouse info: 0 0 0
Init: Client initialized
Log: Bound to Render.dll
Init: Lighting subsystem initialized
Init: Rendering initialized
Log: LoadMap: Entry
Log: Bound to Fire.dll
Log: Bound to IpDrv.dll
Log: Game class is 'UTIntro'
Log: Level is Level Entry.MyLevel
Log: Bringing Level Entry.MyLevel up for play (0)...
ScriptLog: InitGame: 
ScriptLog: Base Mutator is Entry.Mutator0
Log: Browse: CityIntro.unr?Name=Player?Class=Botpack.TMale2?team=255?skin=SoldierSkins.blkt?Face=SoldierSkins.Othello
Log: LoadMap: CityIntro.unr?Name=Player?Class=Botpack.TMale2?team=255?skin=SoldierSkins.blkt?Face=SoldierSkins.Othello
Log: Collecting garbage
Log: Purging garbage
Log: -0.0ms Unloading: Package Render
Log: Garbage: objects: 16399->16398; refs: 224469
Log: Game class is 'UTIntro'
Log: Level is Level CityIntro.MyLevel
Log: Bringing Level CityIntro.MyLevel up for play (0)...
ScriptLog: InitGame: ?Name=Player?Class=Botpack.TMale2?team=255?skin=SoldierSkins.blkt?Face=SoldierSkins.Othello
ScriptLog: Base Mutator is CityIntro.Mutator1
Init: Initialized moving brush tracker for Level CityIntro.MyLevel
Log: Bound to UWeb.dll
ScriptLog: Team 255
ScriptLog: Login: Player
Log: Possessed PlayerPawn: TMale2 CityIntro.TMale0
Init: Input system initialized for WindowsViewport0
Log: Opened viewport
Log: Bound to D3DDrv.dll
Init: DirectDraw drivers detected:
Init:    display (Primary Display Driver)
Init: D3D Device: Supports system memory DMA blts
Log: D3D Device 1736700K vram, 1731075K free
Init: Unreal Tournament Direct3D support - internal revision 1.9b
Init: D3D Device: szDriver=igdumdx32.dll
Init: D3D Device: szDescription=Mobile Intel(R) 4 Series Express Chipset Family
Init: D3D Device: wProduct=0
Init: D3D Device: wVersion=0
Init: D3D Device: wSubVersion=0
Init: D3D Device: wBuild=0
Init: D3D Device: dwVendorId=32902
Init: D3D Device: dwDeviceId=10818
Init: D3D Device: dwSubSysId=43388965
Init: D3D Device: dwRevision=9
Init: Best-match display mode: 1600x900x16 (Error=0)
Init: D3D Device: dwZbuffer depth: 16 bits.
Init: D3D Driver: wMaxTextureBlendStages=4
Init: D3D Driver: wMaxSimultaneousTextures=4
Log: D3D Driver: Supports FOURCC YUY2
Log: D3D Driver: Supports FOURCC UYVY
Log: D3D Driver: Supports FOURCC AYUV
Log: D3D Driver: Supports FOURCC DXT1
Log: D3D Driver: Supports FOURCC DXT2
Log: D3D Driver: Supports FOURCC DXT3
Log: D3D Driver: Supports FOURCC DXT4
Log: D3D Driver: Supports FOURCC DXT5
Init: D3D Detected: Intel video card
Init: D3D Driver: Supports trilinear
Init: D3D Driver: Supports specular gouraud
Init: D3D Driver: Supports BLENDDIFFUSEALPHA
Init: D3D Driver: Supports non-power-of-2 textures
Init: D3D Driver: Supports LOD biasing
Init: D3D Driver: Supports Z biasing
Init: D3D Driver: Supports D3DTOP_ADDSIGNED2X
Init: D3D Driver: Supports D3DTOP_BUMPENVMAP
Init: D3D Driver: Supports D3DTOP_BUMPENVMAPLUMINANCE
Init: D3D Driver: Supports D3DTOP_DOTPRODUCT3
Init: D3D Driver: Supports D3DTOP_MODULATEALPHA_ADDCOLOR
Init: D3D Driver: Supports D3DTOP_MODULATECOLOR_ADDALPHA
Init: D3D Driver: Textures (1x1)-(4096x4096), Max aspect 2048
Init: D3D Driver: VidMem Disposition: 202 0
Log: Bound to Galaxy.dll
Init: Galaxy is using DirectSound
Init: Galaxy initialized
DevAudio: Galaxy SetViewport: WindowsViewport0
Init: Game engine initialized
Log: Startup time: 22.627090 seconds
DevMusic: Load music: Music Uttitle.Uttitle
Log: D3D Driver: Preloaded 0K/124122K (0)
Log: URL: Adding default option Name=Player
Log: URL: Adding default option Class=Botpack.TMale2
Log: URL: Adding default option team=255
Log: URL: Adding default option skin=SoldierSkins.blkt
Log: URL: Adding default option Face=SoldierSkins.Othello
Log: Browse: Index.unr?entry?Name=Player?Class=Botpack.TMale2?team=255?skin=SoldierSkins.blkt?Face=SoldierSkins.Othello
Log: Failed; returning to Entry
Init: Shut down moving brush tracker for Level CityIntro.MyLevel
Log: Spawning new actor for Viewport WindowsViewport0
ScriptLog: Team 255
ScriptLog: Login: Player
Log: Possessed PlayerPawn: TMale2 Entry.TMale1
DevAudio: Galaxy SetViewport: WindowsViewport0
ScriptLog: Creating root window: UMenu.UMenuRootWindow
DevMusic: Unregister music: Music Uttitle.Uttitle
DevMusic: Load music: Music utmenu23.utmenu23
Init: WinSock: version 1.1 (2.2), MaxSocks=32767, MaxUdp=65467
Init: WinSock: I am Nicollet (192.168.1.215)
Log: URL: Adding default option Name=Player
Log: URL: Adding default option Class=Botpack.TMale2
Log: URL: Adding default option team=255
Log: URL: Adding default option skin=SoldierSkins.blkt
Log: URL: Adding default option Face=SoldierSkins.Othello
Log: Browse: 192.168.1.41/Index.unr?LAN?Name=Player?Class=Botpack.TMale2?team=255?skin=SoldierSkins.blkt?Face=SoldierSkins.Othello
Init: WinSock: Socket queue 32768 / 32768
DevNet: Game client on port 0, rate 20000
DevNet: PendingLevel received: CHALLENGE VER=432 CHALLENGE=106461842 STATS=1
DevNet: PendingLevel received: USES GUID=FA7E72644A8BA9D68B4362B51855A1DF PKG=MH-!!![Space-Port] FLAGS=1 SIZE=2797188 GEN=1 FNAME=MH-!!![Space-Port].unr
DevNet: PendingLevel received: USES GUID=D18A7B9211D38F04100067B9F6F8975A PKG=Engine FLAGS=1 SIZE=1149560 GEN=14 FNAME=Engine.u
DevNet: PendingLevel received: USES GUID=4770B88411D38E3E100067B9F6F8975A PKG=Core FLAGS=1 SIZE=59214 GEN=9 FNAME=Core.u
DevNet: PendingLevel received: USES GUID=1E90ACCC11D1ED664544279700005453 PKG=Starship FLAGS=1 SIZE=7590442 GEN=1 FNAME=Starship.utx
DevNet: PendingLevel received: USES GUID=1E90ACA811D1ED664544279700005453 PKG=Detail FLAGS=1 SIZE=1729964 GEN=1 FNAME=Detail.utx
DevNet: PendingLevel received: USES GUID=4770B88811D38E3E100067B9F6F8975A PKG=Fire FLAGS=1 SIZE=15230 GEN=9 FNAME=Fire.u
DevNet: PendingLevel received: USES GUID=FF708F5341FC7E5CA8A3C2B61385A5EB PKG=!!!spacehunt FLAGS=1 SIZE=1288270 GEN=1 FNAME=!!!spacehunt.utx
DevNet: PendingLevel received: USES GUID=4770B88C11D38E3E100067B9F6F8975A PKG=UnrealShare FLAGS=1 SIZE=22124694 GEN=1 FNAME=UnrealShare.u
DevNet: PendingLevel received: USES GUID=1C69657611D38F44100067B9F6F8975A PKG=Botpack FLAGS=1 SIZE=39009630 GEN=12 FNAME=Botpack.u
DevNet: PendingLevel received: USES GUID=4770B88D11D38E3E100067B9F6F8975A PKG=UnrealI FLAGS=1 SIZE=18549361 GEN=1 FNAME=UnrealI.u
DevNet: PendingLevel received: USES GUID=66FC62C111D389A2E0006BA2D2321081 PKG=RainFX FLAGS=1 SIZE=4672509 GEN=1 FNAME=RainFX.utx
DevNet: PendingLevel received: USES GUID=C47BBD4011D38CFBC00084B50A1E604F PKG=DecayedS FLAGS=1 SIZE=11846698 GEN=1 FNAME=DecayedS.utx
DevNet: PendingLevel received: USES GUID=1E90ACCB11D1ED664544279700005453 PKG=SpaceFX FLAGS=1 SIZE=1124420 GEN=1 FNAME=SpaceFX.utx
DevNet: PendingLevel received: USES GUID=1E90ACAF11D1ED664544279700005453 PKG=GenFX FLAGS=1 SIZE=2189510 GEN=1 FNAME=GenFX.utx
DevNet: PendingLevel received: USES GUID=1E90ACC611D1ED664544279700005453 PKG=ShaneSky FLAGS=1 SIZE=584486 GEN=1 FNAME=ShaneSky.utx
DevNet: PendingLevel received: USES GUID=002B3AA711D3806DE0006295BE341081 PKG=FractalFX FLAGS=1 SIZE=1417366 GEN=1 FNAME=FractalFX.utx
DevNet: PendingLevel received: USES GUID=802CC34011D3818FE0006BA2D2321081 PKG=UTtech3 FLAGS=1 SIZE=285894 GEN=1 FNAME=UTtech3.utx
DevNet: PendingLevel received: USES GUID=A3B94EE411D1ED674544E58A00005453 PKG=AmbModern FLAGS=1 SIZE=6112404 GEN=1 FNAME=AmbModern.uax
DevNet: PendingLevel received: USES GUID=74A9918011D6A8C2C000AD91DD7AF1DF PKG=MonsterHunt FLAGS=1 SIZE=1251524 GEN=1 FNAME=MonsterHunt.u
DevNet: PendingLevel received: USES GUID=4CA6238E11D38AAAC00080B50A1E604F PKG=city FLAGS=1 SIZE=5839832 GEN=1 FNAME=city.utx
DevNet: PendingLevel received: USES GUID=A3B94EEA11D1ED674544E58A00005453 PKG=VRikers FLAGS=1 SIZE=819220 GEN=1 FNAME=VRikers.uax
DevNet: PendingLevel received: USES GUID=1E90ACB511D1ED664544279700005453 PKG=HubEffects FLAGS=1 SIZE=222123 GEN=1 FNAME=HubEffects.utx
DevNet: PendingLevel received: USES GUID=1E90ACAE11D1ED664544279700005453 PKG=genfluid FLAGS=1 SIZE=5510043 GEN=1 FNAME=genfluid.utx
DevNet: PendingLevel received: USES GUID=A3B94EE811D1ED674544E58A00005453 PKG=DoorsMod FLAGS=1 SIZE=2547363 GEN=1 FNAME=DoorsMod.uax
DevNet: PendingLevel received: USES GUID=A3B94EE911D1ED674544E58A00005453 PKG=Extro FLAGS=1 SIZE=2871719 GEN=1 FNAME=Extro.uax
DevNet: PendingLevel received: USES GUID=1983F32C49AC5901A16029AC0ECFD310 PKG=odesykilljoke FLAGS=1 SIZE=20180854 GEN=1 FNAME=odesykilljoke.umx
DevNet: PendingLevel received: USES GUID=93CC0A8111D3888FE0006295BE341081 PKG=SoldierSkins FLAGS=1 SIZE=7184269 GEN=1 FNAME=SoldierSkins.utx
DevNet: PendingLevel received: USES GUID=E96BC96311D31D2F4F006B8CDE9A0349 PKG=CommandoSkins FLAGS=1 SIZE=4318050 GEN=1 FNAME=CommandoSkins.utx
DevNet: PendingLevel received: USES GUID=B7B49CA611D38BCDE0006395BE341081 PKG=FCommandoSkins FLAGS=1 SIZE=5093279 GEN=1 FNAME=FCommandoSkins.utx
DevNet: PendingLevel received: USES GUID=D4F6ABE111D385CAE0006295BE341081 PKG=SGirlSkins FLAGS=1 SIZE=7226959 GEN=1 FNAME=SGirlSkins.utx
DevNet: PendingLevel received: USES GUID=24E5A72411D321104F006B8CDE9A0349 PKG=BossSkins FLAGS=1 SIZE=1867811 GEN=1 FNAME=BossSkins.utx
DevNet: PendingLevel received: USES GUID=2DB53B0011D3E9001000D3B9F6F8975A PKG=MultiMesh FLAGS=1 SIZE=76527 GEN=7 FNAME=MultiMesh.u
DevNet: PendingLevel received: USES GUID=13F8255A11D3DBA01000CBB9F6F8975A PKG=EpicCustomModels FLAGS=1 SIZE=2408852 GEN=2 FNAME=EpicCustomModels.u
DevNet: PendingLevel received: USES GUID=D011F66E11D3E9B81000D5B9F6F8975A PKG=Relics FLAGS=1 SIZE=455350 GEN=8 FNAME=Relics.u
DevNet: PendingLevel received: USES GUID=2F84A16011D3E71FA000518AB12F18D2 PKG=TCowMeshSkins FLAGS=3 SIZE=613832 GEN=1 FNAME=TCowMeshSkins.utx
DevNet: PendingLevel received: USES GUID=2F84A16111D3E71FA000518AB12F18D2 PKG=TNaliMeshSkins FLAGS=3 SIZE=542925 GEN=1 FNAME=TNaliMeshSkins.utx
DevNet: PendingLevel received: USES GUID=2F84A16311D3E71FA000518AB12F18D2 PKG=TSkMSkins FLAGS=1 SIZE=4076854 GEN=1 FNAME=TSkMSkins.utx
DevNet: PendingLevel received: USES GUID=FB1EB2314D8BF569AE12C6BF1A08A2F7 PKG=de FLAGS=1 SIZE=72169 GEN=1 FNAME=De.u
DevNet: PendingLevel received: DLMGR CLASS=Engine.ChannelDownload PARAMS=Enabled COMPRESSION=0
DevNet: PendingLevel received: WELCOME LEVEL=MH-!!![Space-Port] LONE=0
DevNet: Welcomed by server: LEVEL=MH-!!![Space-Port] LONE=0
Log: LoadMap: 192.168.1.41/MH-!!![Space-Port]?LAN?Name=Player?Class=Botpack.TMale2?team=255?skin=SoldierSkins.blkt?Face=SoldierSkins.Othello?Checksum=NoChecksum
DevAudio: Galaxy SetViewport: WindowsViewport0
Log: Collecting garbage
Log: Purging garbage
Log: -0.0ms Unloading: Package CityIntro
Log: -0.0ms Unloading: Package ArenaTex
Log: -0.0ms Unloading: Package NaliCast
Log: -0.0ms Unloading: Package GenIn
Log: -0.0ms Unloading: Package NaliFX
Log: -0.0ms Unloading: Package AmbAncient
Log: -0.0ms Unloading: Package AmbOutside
Log: -0.0ms Unloading: Package Uttitle
Log: -0.0ms Unloading: Package openingwave
Log: -0.0ms Unloading: Package AMadmansDream
Log: -0.0ms Unloading: Package Excessive
Log: -0.0ms Unloading: Package MoreBlood
Log: -0.0ms Unloading: Package NWCoreV3
Log: -0.0ms Unloading: Package OldModelsMenus
Log: -0.0ms Unloading: Package OldModels
Log: -0.0ms Unloading: Package Male1Skins
Log: -0.0ms Unloading: Package ReGeneration
Log: -0.0ms Unloading: Package ReGenZones
Log: -0.0ms Unloading: Package Sevens
Log: Garbage: objects: 30745->27785; refs: 509913
Log: Level is Level MH-!!![Space-Port].MyLevel
Log: Bringing Level MH-!!![Space-Port].MyLevel up for play (312)...
Log: Spawning new actor for Viewport WindowsViewport0
ScriptLog: Team 255
ScriptLog: Login: Player
Log: Possessed PlayerPawn: TMale2 Entry.TMale2
Init: Initialized moving brush tracker for Level MH-!!![Space-Port].MyLevel
DevAudio: Galaxy SetViewport: WindowsViewport0
DevMusic: Unregister music: Music utmenu23.utmenu23
Log: D3D Driver: Preloaded 0K/124873K (0)
ScriptLog: Getting FCommandoSkins.daco1T_0, FCommandoSkins.daco2T_0, None, FCommandoSkins.daco4Mariana
ScriptLog: Getting FCommandoSkins.cmdo1T_0, FCommandoSkins.cmdo2T_0, None, FCommandoSkins.cmdo4Anna
Log: Possessed PlayerPawn: TMale2 MH-!!![Space-Port].TMale3
DevMusic: Load music: Music odesykilljoke.odesykilljoke
ScriptWarning: MonsterHUD MH-!!![Space-Port].MonsterHUD0 (Function MonsterHunt.MonsterHUD.PostBeginPlay:0026) Accessed None
ScriptWarning: TMale2 MH-!!![Space-Port].TMale3 (Function Engine.PlayerPawn.ReceiveLocalizedMessage:0006) Accessed null class context
ScriptWarning: TMale2 MH-!!![Space-Port].TMale3 (Function Engine.PlayerPawn.ReceiveLocalizedMessage:0006) Accessed null class context
ScriptWarning: TMale2 MH-!!![Space-Port].TMale3 (Function Engine.PlayerPawn.ReceiveLocalizedMessage:0006) Accessed null class context
ScriptWarning: TMale2 MH-!!![Space-Port].TMale3 (Function Engine.PlayerPawn.ReceiveLocalizedMessage:0006) Accessed null class context
ScriptWarning: TMale2 MH-!!![Space-Port].TMale3 (Function Engine.PlayerPawn.ReceiveLocalizedMessage:0006) Accessed null class context
ScriptWarning: TMale2 MH-!!![Space-Port].TMale3 (Function Engine.PlayerPawn.ReceiveLocalizedMessage:0006) Accessed null class context
ScriptWarning: TMale2 MH-!!![Space-Port].TMale3 (Function Engine.PlayerPawn.ReceiveLocalizedMessage:0006) Accessed null class context
ScriptWarning: TMale2 MH-!!![Space-Port].TMale3 (Function Engine.PlayerPawn.ReceiveLocalizedMessage:0006) Accessed null class context
ScriptWarning: TMale2 MH-!!![Space-Port].TMale3 (Function Engine.PlayerPawn.ReceiveLocalizedMessage:0006) Accessed null class context
ScriptWarning: TMale2 MH-!!![Space-Port].TMale3 (Function Engine.PlayerPawn.ReceiveLocalizedMessage:0006) Accessed null class context
ScriptWarning: TMale2 MH-!!![Space-Port].TMale3 (Function Engine.PlayerPawn.ReceiveLocalizedMessage:0006) Accessed null class context
ScriptWarning: TMale2 MH-!!![Space-Port].TMale3 (Function Engine.PlayerPawn.ReceiveLocalizedMessage:0006) Accessed null class context
ScriptWarning: TMale2 MH-!!![Space-Port].TMale3 (Function Engine.PlayerPawn.ReceiveLocalizedMessage:0006) Accessed null class context
ScriptWarning: TMale2 MH-!!![Space-Port].TMale3 (Function Engine.PlayerPawn.ReceiveLocalizedMessage:0006) Accessed null class context
ScriptWarning: TMale2 MH-!!![Space-Port].TMale3 (Function Engine.PlayerPawn.ReceiveLocalizedMessage:0006) Accessed null class context
ScriptWarning: TMale2 MH-!!![Space-Port].TMale3 (Function Engine.PlayerPawn.ReceiveLocalizedMessage:0006) Accessed null class context
ScriptWarning: TMale2 MH-!!![Space-Port].TMale3 (Function Engine.PlayerPawn.ReceiveLocalizedMessage:0006) Accessed null class context
ScriptWarning: TMale2 MH-!!![Space-Port].TMale3 (Function Engine.PlayerPawn.ReceiveLocalizedMessage:0006) Accessed null class context
ScriptWarning: TMale2 MH-!!![Space-Port].TMale3 (Function Engine.PlayerPawn.ReceiveLocalizedMessage:0006) Accessed null class context
ScriptWarning: TMale2 MH-!!![Space-Port].TMale3 (Function Engine.PlayerPawn.ReceiveLocalizedMessage:0006) Accessed null class context
ScriptWarning: TMale2 MH-!!![Space-Port].TMale3 (Function Engine.PlayerPawn.ReceiveLocalizedMessage:0006) Accessed null class context
ScriptWarning: TMale2 MH-!!![Space-Port].TMale3 (Function Engine.PlayerPawn.ReceiveLocalizedMessage:0006) Accessed null class context
ScriptWarning: TMale2 MH-!!![Space-Port].TMale3 (Function Engine.PlayerPawn.ReceiveLocalizedMessage:0006) Accessed null class context
ScriptWarning: TMale2 MH-!!![Space-Port].TMale3 (Function Engine.PlayerPawn.ReceiveLocalizedMessage:0006) Accessed null class context
ScriptWarning: TMale2 MH-!!![Space-Port].TMale3 (Function Engine.PlayerPawn.ReceiveLocalizedMessage:0006) Accessed null class context
ScriptWarning: TMale2 MH-!!![Space-Port].TMale3 (Function Engine.PlayerPawn.ReceiveLocalizedMessage:0006) Accessed null class context
ScriptWarning: TMale2 MH-!!![Space-Port].TMale3 (Function Engine.PlayerPawn.ReceiveLocalizedMessage:0006) Accessed null class context
ScriptWarning: TMale2 MH-!!![Space-Port].TMale3 (Function Engine.PlayerPawn.ReceiveLocalizedMessage:0006) Accessed null class context
ScriptWarning: TMale2 MH-!!![Space-Port].TMale3 (Function Engine.PlayerPawn.ReceiveLocalizedMessage:0006) Accessed null class context
ScriptWarning: TMale2 MH-!!![Space-Port].TMale3 (Function Engine.PlayerPawn.ReceiveLocalizedMessage:0006) Accessed null class context
ScriptWarning: TMale2 MH-!!![Space-Port].TMale3 (Function Engine.PlayerPawn.ReceiveLocalizedMessage:0006) Accessed null class context
ScriptWarning: TMale2 MH-!!![Space-Port].TMale3 (Function Engine.PlayerPawn.ReceiveLocalizedMessage:0006) Accessed null class context
ScriptWarning: TMale2 MH-!!![Space-Port].TMale3 (Function Engine.PlayerPawn.ReceiveLocalizedMessage:0006) Accessed null class context
ScriptWarning: TMale2 MH-!!![Space-Port].TMale3 (Function Engine.PlayerPawn.ReceiveLocalizedMessage:0006) Accessed null class context
ScriptWarning: TMale2 MH-!!![Space-Port].TMale3 (Function Engine.PlayerPawn.ReceiveLocalizedMessage:0006) Accessed null class context
ScriptWarning: TMale2 MH-!!![Space-Port].TMale3 (Function Engine.PlayerPawn.ReceiveLocalizedMessage:0006) Accessed null class context
ScriptWarning: TMale2 MH-!!![Space-Port].TMale3 (Function Engine.PlayerPawn.ReceiveLocalizedMessage:0006) Accessed null class context
ScriptWarning: TMale2 MH-!!![Space-Port].TMale3 (Function Engine.PlayerPawn.ReceiveLocalizedMessage:0006) Accessed null class context
ScriptWarning: TMale2 MH-!!![Space-Port].TMale3 (Function Engine.PlayerPawn.ReceiveLocalizedMessage:0006) Accessed null class context
ScriptWarning: TMale2 MH-!!![Space-Port].TMale3 (Function Engine.PlayerPawn.ReceiveLocalizedMessage:0006) Accessed null class context
ScriptWarning: TMale2 MH-!!![Space-Port].TMale3 (Function Engine.PlayerPawn.ReceiveLocalizedMessage:0006) Accessed null class context
ScriptWarning: TMale2 MH-!!![Space-Port].TMale3 (Function Engine.PlayerPawn.ReceiveLocalizedMessage:0006) Accessed null class context
ScriptWarning: TMale2 MH-!!![Space-Port].TMale3 (Function Engine.PlayerPawn.ReceiveLocalizedMessage:0006) Accessed null class context
ScriptWarning: TMale2 MH-!!![Space-Port].TMale3 (Function Engine.PlayerPawn.ReceiveLocalizedMessage:0006) Accessed null class context
ScriptWarning: TMale2 MH-!!![Space-Port].TMale3 (Function Engine.PlayerPawn.ReceiveLocalizedMessage:0006) Accessed null class context
ScriptWarning: TMale2 MH-!!![Space-Port].TMale3 (Function Engine.PlayerPawn.ReceiveLocalizedMessage:0006) Accessed null class context
ScriptWarning: TMale2 MH-!!![Space-Port].TMale3 (Function Engine.PlayerPawn.ReceiveLocalizedMessage:0006) Accessed null class context
ScriptWarning: TMale2 MH-!!![Space-Port].TMale3 (Function Engine.PlayerPawn.ReceiveLocalizedMessage:0006) Accessed null class context
ScriptWarning: TMale2 MH-!!![Space-Port].TMale3 (Function Engine.PlayerPawn.ReceiveLocalizedMessage:0006) Accessed null class context
ScriptWarning: TMale2 MH-!!![Space-Port].TMale3 (Function Engine.PlayerPawn.ReceiveLocalizedMessage:0006) Accessed null class context
ScriptWarning: TMale2 MH-!!![Space-Port].TMale3 (Function Engine.PlayerPawn.ReceiveLocalizedMessage:0006) Accessed null class context
ScriptWarning: TMale2 MH-!!![Space-Port].TMale3 (Function Engine.PlayerPawn.ReceiveLocalizedMessage:0006) Accessed null class context
ScriptWarning: TMale2 MH-!!![Space-Port].TMale3 (Function Engine.PlayerPawn.ReceiveLocalizedMessage:0006) Accessed null class context
ScriptWarning: TMale2 MH-!!![Space-Port].TMale3 (Function Engine.PlayerPawn.ReceiveLocalizedMessage:0006) Accessed null class context
ScriptWarning: TMale2 MH-!!![Space-Port].TMale3 (Function Engine.PlayerPawn.ReceiveLocalizedMessage:0006) Accessed null class context
ScriptWarning: TMale2 MH-!!![Space-Port].TMale3 (Function Engine.PlayerPawn.ReceiveLocalizedMessage:0006) Accessed null class context
ScriptWarning: TMale2 MH-!!![Space-Port].TMale3 (Function Engine.PlayerPawn.ReceiveLocalizedMessage:0006) Accessed null class context
ScriptWarning: TMale2 MH-!!![Space-Port].TMale3 (Function Engine.PlayerPawn.ReceiveLocalizedMessage:0006) Accessed null class context
ScriptWarning: TMale2 MH-!!![Space-Port].TMale3 (Function Engine.PlayerPawn.ReceiveLocalizedMessage:0006) Accessed null class context
ScriptWarning: TMale2 MH-!!![Space-Port].TMale3 (Function Engine.PlayerPawn.ReceiveLocalizedMessage:0006) Accessed null class context
ScriptWarning: TMale2 MH-!!![Space-Port].TMale3 (Function Engine.PlayerPawn.ReceiveLocalizedMessage:0006) Accessed null class context
ScriptWarning: TMale2 MH-!!![Space-Port].TMale3 (Function Engine.PlayerPawn.ReceiveLocalizedMessage:0006) Accessed null class context
ScriptWarning: TMale2 MH-!!![Space-Port].TMale3 (Function Engine.PlayerPawn.ReceiveLocalizedMessage:0006) Accessed null class context
ScriptWarning: TMale2 MH-!!![Space-Port].TMale3 (Function Engine.PlayerPawn.ReceiveLocalizedMessage:0006) Accessed null class context
ScriptWarning: TMale2 MH-!!![Space-Port].TMale3 (Function Engine.PlayerPawn.ReceiveLocalizedMessage:0006) Accessed null class context
ScriptWarning: TMale2 MH-!!![Space-Port].TMale3 (Function Engine.PlayerPawn.ReceiveLocalizedMessage:0006) Accessed null class context
ScriptWarning: TMale2 MH-!!![Space-Port].TMale3 (Function Engine.PlayerPawn.ReceiveLocalizedMessage:0006) Accessed null class context
ScriptWarning: TMale2 MH-!!![Space-Port].TMale3 (Function Engine.PlayerPawn.ReceiveLocalizedMessage:0006) Accessed null class context
ScriptWarning: TMale2 MH-!!![Space-Port].TMale3 (Function Engine.PlayerPawn.ReceiveLocalizedMessage:0006) Accessed null class context
ScriptWarning: TMale2 MH-!!![Space-Port].TMale3 (Function Engine.PlayerPawn.ReceiveLocalizedMessage:0006) Accessed null class context
ScriptWarning: TMale2 MH-!!![Space-Port].TMale3 (Function Engine.PlayerPawn.ReceiveLocalizedMessage:0006) Accessed null class context
ScriptWarning: TMale2 MH-!!![Space-Port].TMale3 (Function Engine.PlayerPawn.ReceiveLocalizedMessage:0006) Accessed null class context
ScriptWarning: TMale2 MH-!!![Space-Port].TMale3 (Function Engine.PlayerPawn.ReceiveLocalizedMessage:0006) Accessed null class context
ScriptWarning: TMale2 MH-!!![Space-Port].TMale3 (Function Engine.PlayerPawn.ReceiveLocalizedMessage:0006) Accessed null class context
ScriptWarning: TMale2 MH-!!![Space-Port].TMale3 (Function Engine.PlayerPawn.ReceiveLocalizedMessage:0006) Accessed null class context
ScriptWarning: TMale2 MH-!!![Space-Port].TMale3 (Function Engine.PlayerPawn.ReceiveLocalizedMessage:0006) Accessed null class context
ScriptWarning: TMale2 MH-!!![Space-Port].TMale3 (Function Engine.PlayerPawn.ReceiveLocalizedMessage:0006) Accessed null class context
ScriptWarning: TMale2 MH-!!![Space-Port].TMale3 (Function Engine.PlayerPawn.ReceiveLocalizedMessage:0006) Accessed null class context
ScriptWarning: TMale2 MH-!!![Space-Port].TMale3 (Function Engine.PlayerPawn.ReceiveLocalizedMessage:0006) Accessed null class context
ScriptWarning: TMale2 MH-!!![Space-Port].TMale3 (Function Engine.PlayerPawn.ReceiveLocalizedMessage:0006) Accessed null class context
ScriptWarning: TMale2 MH-!!![Space-Port].TMale3 (Function Engine.PlayerPawn.ReceiveLocalizedMessage:0006) Accessed null class context
ScriptWarning: TMale2 MH-!!![Space-Port].TMale3 (Function Engine.PlayerPawn.ReceiveLocalizedMessage:0006) Accessed null class context
ScriptWarning: TMale2 MH-!!![Space-Port].TMale3 (Function Engine.PlayerPawn.ReceiveLocalizedMessage:0006) Accessed null class context
ScriptWarning: TMale2 MH-!!![Space-Port].TMale3 (Function Engine.PlayerPawn.ReceiveLocalizedMessage:0006) Accessed null class context
ScriptWarning: TMale2 MH-!!![Space-Port].TMale3 (Function Engine.PlayerPawn.ReceiveLocalizedMessage:0006) Accessed null class context
ScriptWarning: TMale2 MH-!!![Space-Port].TMale3 (Function Engine.PlayerPawn.ReceiveLocalizedMessage:0006) Accessed null class context
ScriptWarning: TMale2 MH-!!![Space-Port].TMale3 (Function Engine.PlayerPawn.ReceiveLocalizedMessage:0006) Accessed null class context
ScriptWarning: TMale2 MH-!!![Space-Port].TMale3 (Function Engine.PlayerPawn.ReceiveLocalizedMessage:0006) Accessed null class context
ScriptWarning: TMale2 MH-!!![Space-Port].TMale3 (Function Engine.PlayerPawn.ReceiveLocalizedMessage:0006) Accessed null class context
ScriptWarning: TMale2 MH-!!![Space-Port].TMale3 (Function Engine.PlayerPawn.ReceiveLocalizedMessage:0006) Accessed null class context
ScriptWarning: TMale2 MH-!!![Space-Port].TMale3 (Function Engine.PlayerPawn.ReceiveLocalizedMessage:0006) Accessed null class context
ScriptWarning: TMale2 MH-!!![Space-Port].TMale3 (Function Engine.PlayerPawn.ReceiveLocalizedMessage:0006) Accessed null class context
ScriptWarning: TMale2 MH-!!![Space-Port].TMale3 (Function Engine.PlayerPawn.ReceiveLocalizedMessage:0006) Accessed null class context
ScriptWarning: TMale2 MH-!!![Space-Port].TMale3 (Function Engine.PlayerPawn.ReceiveLocalizedMessage:0006) Accessed null class context
ScriptWarning: TMale2 MH-!!![Space-Port].TMale3 (Function Engine.PlayerPawn.ReceiveLocalizedMessage:0006) Accessed null class context
ScriptWarning: TMale2 MH-!!![Space-Port].TMale3 (Function Engine.PlayerPawn.ReceiveLocalizedMessage:0006) Accessed null class context
ScriptWarning: TMale2 MH-!!![Space-Port].TMale3 (Function Engine.PlayerPawn.ReceiveLocalizedMessage:0006) Accessed null class context
ScriptWarning: TMale2 MH-!!![Space-Port].TMale3 (Function Engine.PlayerPawn.ReceiveLocalizedMessage:0006) Accessed null class context
ScriptWarning: TMale2 MH-!!![Space-Port].TMale3 (Function Engine.PlayerPawn.ReceiveLocalizedMessage:0006) Accessed null class context
ScriptWarning: TMale2 MH-!!![Space-Port].TMale3 (Function Engine.PlayerPawn.ReceiveLocalizedMessage:0006) Accessed null class context
ScriptWarning: TMale2 MH-!!![Space-Port].TMale3 (Function Engine.PlayerPawn.ReceiveLocalizedMessage:0006) Accessed null class context
ScriptWarning: TMale2 MH-!!![Space-Port].TMale3 (Function Engine.PlayerPawn.ReceiveLocalizedMessage:0006) Accessed null class context
ScriptWarning: TMale2 MH-!!![Space-Port].TMale3 (Function Engine.PlayerPawn.ReceiveLocalizedMessage:0006) Accessed null class context
ScriptWarning: TMale2 MH-!!![Space-Port].TMale3 (Function Engine.PlayerPawn.ReceiveLocalizedMessage:0006) Accessed null class context
ScriptWarning: TMale2 MH-!!![Space-Port].TMale3 (Function Engine.PlayerPawn.ReceiveLocalizedMessage:0006) Accessed null class context
ScriptWarning: TMale2 MH-!!![Space-Port].TMale3 (Function Engine.PlayerPawn.ReceiveLocalizedMessage:0006) Accessed null class context
ScriptWarning: TMale2 MH-!!![Space-Port].TMale3 (Function Engine.PlayerPawn.ReceiveLocalizedMessage:0006) Accessed null class context
ScriptWarning: TMale2 MH-!!![Space-Port].TMale3 (Function Engine.PlayerPawn.ReceiveLocalizedMessage:0006) Accessed null class context
ScriptWarning: TMale2 MH-!!![Space-Port].TMale3 (Function Engine.PlayerPawn.ReceiveLocalizedMessage:0006) Accessed null class context
ScriptWarning: TMale2 MH-!!![Space-Port].TMale3 (Function Engine.PlayerPawn.ReceiveLocalizedMessage:0006) Accessed null class context
ScriptWarning: TMale2 MH-!!![Space-Port].TMale3 (Function Engine.PlayerPawn.ReceiveLocalizedMessage:0006) Accessed null class context
ScriptWarning: TMale2 MH-!!![Space-Port].TMale3 (Function Engine.PlayerPawn.ReceiveLocalizedMessage:0006) Accessed null class context
ScriptWarning: TMale2 MH-!!![Space-Port].TMale3 (Function Engine.PlayerPawn.ReceiveLocalizedMessage:0006) Accessed null class context
ScriptWarning: TMale2 MH-!!![Space-Port].TMale3 (Function Engine.PlayerPawn.ReceiveLocalizedMessage:0006) Accessed null class context
ScriptWarning: TMale2 MH-!!![Space-Port].TMale3 (Function Engine.PlayerPawn.ReceiveLocalizedMessage:0006) Accessed null class context
ScriptWarning: TMale2 MH-!!![Space-Port].TMale3 (Function Engine.PlayerPawn.ReceiveLocalizedMessage:0006) Accessed null class context
ScriptWarning: TMale2 MH-!!![Space-Port].TMale3 (Function Engine.PlayerPawn.ReceiveLocalizedMessage:0006) Accessed null class context
ScriptWarning: TMale2 MH-!!![Space-Port].TMale3 (Function Engine.PlayerPawn.ReceiveLocalizedMessage:0006) Accessed null class context
ScriptWarning: TMale2 MH-!!![Space-Port].TMale3 (Function Engine.PlayerPawn.ReceiveLocalizedMessage:0006) Accessed null class context
ScriptWarning: TMale2 MH-!!![Space-Port].TMale3 (Function Engine.PlayerPawn.ReceiveLocalizedMessage:0006) Accessed null class context
ScriptWarning: TMale2 MH-!!![Space-Port].TMale3 (Function Engine.PlayerPawn.ReceiveLocalizedMessage:0006) Accessed null class context
ScriptWarning: TMale2 MH-!!![Space-Port].TMale3 (Function Engine.PlayerPawn.ReceiveLocalizedMessage:0006) Accessed null class context
ScriptWarning: TMale2 MH-!!![Space-Port].TMale3 (Function Engine.PlayerPawn.ReceiveLocalizedMessage:0006) Accessed null class context
ScriptWarning: TMale2 MH-!!![Space-Port].TMale3 (Function Engine.PlayerPawn.ReceiveLocalizedMessage:0006) Accessed null class context
ScriptWarning: TMale2 MH-!!![Space-Port].TMale3 (Function Engine.PlayerPawn.ReceiveLocalizedMessage:0006) Accessed null class context
ScriptWarning: TMale2 MH-!!![Space-Port].TMale3 (Function Engine.PlayerPawn.ReceiveLocalizedMessage:0006) Accessed null class context
ScriptWarning: TMale2 MH-!!![Space-Port].TMale3 (Function Engine.PlayerPawn.ReceiveLocalizedMessage:0006) Accessed null class context
ScriptWarning: TMale2 MH-!!![Space-Port].TMale3 (Function Engine.PlayerPawn.ReceiveLocalizedMessage:0006) Accessed null class context
ScriptWarning: TMale2 MH-!!![Space-Port].TMale3 (Function Engine.PlayerPawn.ReceiveLocalizedMessage:0006) Accessed null class context
ScriptWarning: TMale2 MH-!!![Space-Port].TMale3 (Function Engine.PlayerPawn.ReceiveLocalizedMessage:0006) Accessed null class context
ScriptWarning: TMale2 MH-!!![Space-Port].TMale3 (Function Engine.PlayerPawn.ReceiveLocalizedMessage:0006) Accessed null class context
ScriptWarning: TMale2 MH-!!![Space-Port].TMale3 (Function Engine.PlayerPawn.ReceiveLocalizedMessage:0006) Accessed null class context
Log: CreatureChunks385 fell out of the world!
ScriptWarning: TMale2 MH-!!![Space-Port].TMale3 (Function Engine.PlayerPawn.ReceiveLocalizedMessage:0006) Accessed null class context
ScriptWarning: TMale2 MH-!!![Space-Port].TMale3 (Function Engine.PlayerPawn.ReceiveLocalizedMessage:0006) Accessed null class context
ScriptWarning: TMale2 MH-!!![Space-Port].TMale3 (Function Engine.PlayerPawn.ReceiveLocalizedMessage:0006) Accessed null class context
Log: CreatureChunks432 fell out of the world!
Log: CreatureChunks431 fell out of the world!
Log: CreatureChunks430 fell out of the world!
Log: CreatureChunks494 fell out of the world!
Log: CreatureChunks493 fell out of the world!
Log: CreatureChunks497 fell out of the world!
Log: CreatureChunks499 fell out of the world!
Log: CreatureChunks517 fell out of the world!
Log: CreatureChunks562 fell out of the world!
Log: CreatureChunks559 fell out of the world!
Log: CreatureChunks602 fell out of the world!
Log: CreatureChunks619 fell out of the world!
Log: CreatureChunks621 fell out of the world!
Log: CreatureChunks616 fell out of the world!
Log: CreatureChunks615 fell out of the world!
Log: CreatureChunks649 fell out of the world!
Log: CreatureChunks654 fell out of the world!
Log: CreatureChunks656 fell out of the world!
Log: CreatureChunks712 fell out of the world!
Log: CreatureChunks714 fell out of the world!
Log: CreatureChunks729 fell out of the world!
Log: CreatureChunks728 fell out of the world!
Log: CreatureChunks727 fell out of the world!
Log: CreatureChunks745 fell out of the world!
Log: CreatureChunks747 fell out of the world!
Log: CreatureChunks756 fell out of the world!
Log: CreatureChunks746 fell out of the world!
Log: CreatureChunks757 fell out of the world!
Log: CreatureChunks785 fell out of the world!
Log: CreatureChunks779 fell out of the world!
Log: CreatureChunks852 fell out of the world!
Log: CreatureChunks867 fell out of the world!
Log: CreatureChunks868 fell out of the world!
Log: CreatureChunks865 fell out of the world!
Log: CreatureChunks878 fell out of the world!
Log: CreatureChunks876 fell out of the world!
Log: CreatureChunks920 fell out of the world!
Log: CreatureChunks921 fell out of the world!
Log: CreatureChunks954 fell out of the world!
Log: CreatureChunks953 fell out of the world!
Log: CreatureChunks955 fell out of the world!
Log: CreatureChunks969 fell out of the world!
Log: CreatureChunks967 fell out of the world!
Log: CreatureChunks995 fell out of the world!
Log: CreatureChunks993 fell out of the world!
Log: CreatureChunks1010 fell out of the world!
Log: CreatureChunks1019 fell out of the world!
Log: CreatureChunks1018 fell out of the world!
Log: CreatureChunks1048 fell out of the world!
Log: CreatureChunks1075 fell out of the world!
Log: CreatureChunks1092 fell out of the world!
Log: CreatureChunks1099 fell out of the world!
Log: CreatureChunks1096 fell out of the world!
Log: CreatureChunks1097 fell out of the world!
Log: CreatureChunks1133 fell out of the world!
Log: CreatureChunks1132 fell out of the world!
Log: CreatureChunks1134 fell out of the world!
Log: CreatureChunks1135 fell out of the world!
Log: CreatureChunks1160 fell out of the world!
Log: CreatureChunks1187 fell out of the world!
Log: CreatureChunks1190 fell out of the world!
Log: CreatureChunks1199 fell out of the world!
Log: CreatureChunks1225 fell out of the world!
Log: CreatureChunks1234 fell out of the world!
ScriptWarning: TMale2 MH-!!![Space-Port].TMale3 (Function Engine.PlayerPawn.ReceiveLocalizedMessage:0006) Accessed null class context
ScriptWarning: TMale2 MH-!!![Space-Port].TMale3 (Function Engine.PlayerPawn.ReceiveLocalizedMessage:0006) Accessed null class context
Log: CreatureChunks1285 fell out of the world!
ScriptWarning: MonsterHUD MH-!!![Space-Port].MonsterHUD1 (Function Botpack.ChallengeHUD.PostBeginPlay:006F) Accessed None
ScriptWarning: MonsterHUD MH-!!![Space-Port].MonsterHUD1 (Function MonsterHunt.MonsterHUD.PostBeginPlay:001E) Accessed None
ScriptWarning: MonsterHUD MH-!!![Space-Port].MonsterHUD1 (Function MonsterHunt.MonsterHUD.PostBeginPlay:0026) Accessed None
Log: CreatureChunks1287 fell out of the world!
Log: CreatureChunks1284 fell out of the world!
Log: Browse: 192.168.1.41/MH-[TB]-UnrealWorld2010.unr?LAN?Name=Player?Class=Botpack.TMale2?Team=0?skin=SoldierSkins.blkt?Face=SoldierSkins.Othello?Checksum=NoChecksum
Init: WinSock: Socket queue 32768 / 32768
DevNet: Game client on port 0, rate 20000
Log: URL: Adding default option Name=Player
Log: URL: Adding default option Class=Botpack.TMale2
Log: URL: Adding default option Team=0
Log: URL: Adding default option skin=SoldierSkins.blkt
Log: URL: Adding default option Face=SoldierSkins.Othello
Log: Browse: Index.unr?failed?Name=Player?Class=Botpack.TMale2?Team=0?skin=SoldierSkins.blkt?Face=SoldierSkins.Othello
Log: Failed; returning to Entry
Init: Shut down moving brush tracker for Level MH-!!![Space-Port].MyLevel
Log: Spawning new actor for Viewport WindowsViewport0
ScriptLog: Team 0
ScriptLog: Login: Player
Log: Possessed PlayerPawn: TMale2 Entry.TMale2
DevAudio: Galaxy SetViewport: WindowsViewport0
DevMusic: Unregister music: Music odesykilljoke.odesykilljoke
DevNet: PendingLevel received: CHALLENGE VER=432 CHALLENGE=1569875790 STATS=1
DevNet: PendingLevel received: USES GUID=BD7904204E7A841E2E01D5BDA6ABA3A0 PKG=MH-[TB]-UnrealWorld2010 FLAGS=1 SIZE=8556597 GEN=1 FNAME=MH-[TB]-UnrealWorld2010.unr
DevNet: PendingLevel received: USES GUID=D18A7B9211D38F04100067B9F6F8975A PKG=Engine FLAGS=1 SIZE=1149560 GEN=14 FNAME=Engine.u
DevNet: PendingLevel received: USES GUID=4770B88411D38E3E100067B9F6F8975A PKG=Core FLAGS=1 SIZE=59214 GEN=9 FNAME=Core.u
DevNet: PendingLevel received: USES GUID=5C0AABC211D282F44544289700005453 PKG=Crypt2 FLAGS=1 SIZE=7370018 GEN=1 FNAME=Crypt2.utx
DevNet: PendingLevel received: USES GUID=1E90ACA811D1ED664544279700005453 PKG=Detail FLAGS=1 SIZE=1729964 GEN=1 FNAME=Detail.utx
DevNet: PendingLevel received: USES GUID=4770B88811D38E3E100067B9F6F8975A PKG=Fire FLAGS=1 SIZE=15230 GEN=9 FNAME=Fire.u
DevNet: PendingLevel received: USES GUID=1E90ACBF11D1ED664544279700005453 PKG=NaliCast FLAGS=1 SIZE=8343055 GEN=1 FNAME=NaliCast.utx
DevNet: PendingLevel received: USES GUID=5CA303AC11D38D0CC00084B50A1E604F PKG=ShaneChurch FLAGS=1 SIZE=5064523 GEN=1 FNAME=ShaneChurch.utx
DevNet: PendingLevel received: USES GUID=1E90ACA311D1ED664544279700005453 PKG=Ancient FLAGS=1 SIZE=10170681 GEN=1 FNAME=Ancient.utx
DevNet: PendingLevel received: USES GUID=4770B88C11D38E3E100067B9F6F8975A PKG=UnrealShare FLAGS=1 SIZE=22124694 GEN=1 FNAME=UnrealShare.u
DevNet: PendingLevel received: USES GUID=1E90ACAD11D1ED664544279700005453 PKG=GenEarth FLAGS=1 SIZE=6186030 GEN=1 FNAME=GenEarth.utx
DevNet: PendingLevel received: USES GUID=1E90ACBE11D1ED664544279700005453 PKG=Mine FLAGS=1 SIZE=6840408 GEN=1 FNAME=Mine.utx
DevNet: PendingLevel received: USES GUID=1C69657611D38F44100067B9F6F8975A PKG=Botpack FLAGS=1 SIZE=39009630 GEN=12 FNAME=Botpack.u
DevNet: PendingLevel received: USES GUID=4770B88D11D38E3E100067B9F6F8975A PKG=UnrealI FLAGS=1 SIZE=18549361 GEN=1 FNAME=UnrealI.u
DevNet: PendingLevel received: USES GUID=1E90ACAE11D1ED664544279700005453 PKG=genfluid FLAGS=1 SIZE=5510043 GEN=1 FNAME=genfluid.utx
DevNet: PendingLevel received: USES GUID=1E90ACB011D1ED664544279700005453 PKG=GenIn FLAGS=1 SIZE=3039598 GEN=1 FNAME=GenIn.utx
DevNet: PendingLevel received: USES GUID=B7516B5143E00FFC9C0774B6BC90DAB8 PKG=Criaturas FLAGS=1 SIZE=1546812 GEN=1 FNAME=Criaturas.uax
DevNet: PendingLevel received: USES GUID=1E90ACC711D1ED664544279700005453 PKG=Skaarj FLAGS=1 SIZE=7371542 GEN=1 FNAME=Skaarj.utx
DevNet: PendingLevel received: USES GUID=A079EC3411D38D0DC00084B50A1E604F PKG=Indus6 FLAGS=1 SIZE=2863307 GEN=1 FNAME=Indus6.utx
DevNet: PendingLevel received: USES GUID=1E90ACCC11D1ED664544279700005453 PKG=Starship FLAGS=1 SIZE=7590442 GEN=1 FNAME=Starship.utx
DevNet: PendingLevel received: USES GUID=ACFFB7FD467B77CDC09BEA8989022F27 PKG=SevenB FLAGS=1 SIZE=8323248 GEN=1 FNAME=SevenB.u
DevNet: PendingLevel received: USES GUID=CF7CA7814D63DB6CFACCD5A295375FEA PKG=olweapons FLAGS=1 SIZE=1294937 GEN=1 FNAME=olweapons.u
DevNet: PendingLevel received: USES GUID=95A2BCFB41F69328DAB5C1A681DD149A PKG=oldskool FLAGS=1 SIZE=1422642 GEN=2 FNAME=oldskool.u
DevNet: PendingLevel received: USES GUID=FB82FFA543C68622CD75D1AB2A717A2E PKG=olroot FLAGS=1 SIZE=157563 GEN=2 FNAME=olroot.u
DevNet: PendingLevel received: USES GUID=2DB53B0011D3E9001000D3B9F6F8975A PKG=MultiMesh FLAGS=1 SIZE=76527 GEN=7 FNAME=MultiMesh.u
DevNet: PendingLevel received: USES GUID=13F8255A11D3DBA01000CBB9F6F8975A PKG=EpicCustomModels FLAGS=1 SIZE=2408852 GEN=2 FNAME=EpicCustomModels.u
DevNet: PendingLevel received: USES GUID=3A53DA9744D98F9D7353C1B201CA51AB PKG=SkeletalChars FLAGS=1 SIZE=1591818 GEN=1 FNAME=SkeletalChars.u
DevNet: PendingLevel received: USES GUID=1E90ACA211D1ED664544279700005453 PKG=AlfaFX FLAGS=1 SIZE=7980 GEN=1 FNAME=AlfaFX.utx
DevNet: PendingLevel received: USES GUID=7A66E16011D5C95A04004A9ADD2D02E2 PKG=Animal_PACK1 FLAGS=1 SIZE=2192402 GEN=1 FNAME=Animal_PACK1.u
DevNet: PendingLevel received: USES GUID=C47BBD4011D38CFBC00084B50A1E604F PKG=DecayedS FLAGS=1 SIZE=11846698 GEN=1 FNAME=DecayedS.utx
DevNet: PendingLevel received: USES GUID=1E90ACB511D1ED664544279700005453 PKG=HubEffects FLAGS=1 SIZE=222123 GEN=1 FNAME=HubEffects.utx
DevNet: PendingLevel received: USES GUID=1E90ACAF11D1ED664544279700005453 PKG=GenFX FLAGS=1 SIZE=2189510 GEN=1 FNAME=GenFX.utx
DevNet: PendingLevel received: USES GUID=4CA6238E11D38AAAC00080B50A1E604F PKG=city FLAGS=1 SIZE=5839832 GEN=1 FNAME=city.utx
DevNet: PendingLevel received: USES GUID=2E3682A411D379A7E0006BA2D2321081 PKG=UTtech1 FLAGS=1 SIZE=11206345 GEN=1 FNAME=UTtech1.utx
DevNet: PendingLevel received: USES GUID=A3B94EE311D1ED674544E58A00005453 PKG=AmbAncient FLAGS=1 SIZE=6773021 GEN=1 FNAME=AmbAncient.uax
DevNet: PendingLevel received: USES GUID=1E90ACCD11D1ED664544279700005453 PKG=TCrystal FLAGS=1 SIZE=158014 GEN=1 FNAME=TCrystal.utx
DevNet: PendingLevel received: USES GUID=18C2651D42509E9D6BDF3FB84C63B7EF PKG=umsspacemarine FLAGS=1 SIZE=7065808 GEN=1 FNAME=umsspacemarine.u
DevNet: PendingLevel received: USES GUID=9E7C5F814DD28A693FF12D9D6D9CCF33 PKG=Marine FLAGS=1 SIZE=98370 GEN=1 FNAME=Marine.u
DevNet: PendingLevel received: USES GUID=1E90ACCB11D1ED664544279700005453 PKG=SpaceFX FLAGS=1 SIZE=1124420 GEN=1 FNAME=SpaceFX.utx
DevNet: PendingLevel received: USES GUID=A3B94EE211D1ED674544E58A00005453 PKG=Activates FLAGS=1 SIZE=906293 GEN=1 FNAME=Activates.uax
DevNet: PendingLevel received: USES GUID=A3B94EE411D1ED674544E58A00005453 PKG=AmbModern FLAGS=1 SIZE=6112404 GEN=1 FNAME=AmbModern.uax
DevNet: PendingLevel received: USES GUID=1E90ACCF11D1ED664544279700005453 PKG=XFX FLAGS=1 SIZE=198416 GEN=1 FNAME=XFX.utx
DevNet: PendingLevel received: USES GUID=1E90ACC111D1ED664544279700005453 PKG=Palettes FLAGS=1 SIZE=421024 GEN=1 FNAME=Palettes.utx
DevNet: PendingLevel received: USES GUID=42CACC4011D5167120009F94E3BC1F78 PKG=G11_Assault FLAGS=1 SIZE=611623 GEN=1 FNAME=G11_Assault.u
DevNet: PendingLevel received: USES GUID=74A9918011D6A8C2C000AD91DD7AF1DF PKG=MonsterHunt FLAGS=1 SIZE=1251524 GEN=1 FNAME=MonsterHunt.u
DevNet: PendingLevel received: USES GUID=1E90ACC011D1ED664544279700005453 PKG=NALIFX FLAGS=1 SIZE=672838 GEN=1 FNAME=NALIFX.utx
DevNet: PendingLevel received: USES GUID=845CAA104C824CD3B20102B6209EE339 PKG=BugSkins FLAGS=1 SIZE=3897008 GEN=1 FNAME=BugSkins.utx
DevNet: PendingLevel received: USES GUID=05F3756011D378EDE0006BA2D2321081 PKG=utcrypt FLAGS=1 SIZE=2104575 GEN=1 FNAME=utcrypt.utx
DevNet: PendingLevel received: USES GUID=A3B94EE711D1ED674544E58A00005453 PKG=DoorsAnc FLAGS=1 SIZE=3740119 GEN=1 FNAME=DoorsAnc.uax
DevNet: PendingLevel received: USES GUID=1E90ACB911D1ED664544279700005453 PKG=Liquids FLAGS=1 SIZE=14013 GEN=1 FNAME=Liquids.utx
DevNet: PendingLevel received: USES GUID=A3B94EE511D1ED674544E58A00005453 PKG=AmbOutside FLAGS=1 SIZE=5469933 GEN=1 FNAME=AmbOutside.uax
DevNet: PendingLevel received: USES GUID=1E90ACAC11D1ED664544279700005453 PKG=FireEng FLAGS=1 SIZE=97702 GEN=1 FNAME=FireEng.utx
DevNet: PendingLevel received: USES GUID=96EF6D3D40B02F2F82C27AAABBC29660 PKG=Thunderbolt FLAGS=1 SIZE=5881963 GEN=1 FNAME=Thunderbolt.utx
DevNet: PendingLevel received: USES GUID=8CB447A9412C360C9AC3D39FD77FAF46 PKG=bug FLAGS=1 SIZE=2049764 GEN=1 FNAME=bug.u
DevNet: PendingLevel received: USES GUID=A3B94EE811D1ED674544E58A00005453 PKG=DoorsMod FLAGS=1 SIZE=2547363 GEN=1 FNAME=DoorsMod.uax
DevNet: PendingLevel received: USES GUID=1E90ACC411D1ED664544279700005453 PKG=Render FLAGS=1 SIZE=88914 GEN=1 FNAME=Render.utx
DevNet: PendingLevel received: USES GUID=1E90ACC511D1ED664544279700005453 PKG=ShaneDay FLAGS=1 SIZE=388457 GEN=1 FNAME=ShaneDay.utx
DevNet: PendingLevel received: USES GUID=39D24402438A904C6E3EB8B45E8E59BF PKG=U2K-BlackThundar2 FLAGS=1 SIZE=512024 GEN=1 FNAME=U2K-BlackThundar2.u
DevNet: PendingLevel received: USES GUID=E579D2BA425FC0D2F6720EBAFF0992EB PKG=ApplesRebelMac FLAGS=1 SIZE=711935 GEN=1 FNAME=ApplesRebelMac.u
DevNet: PendingLevel received: USES GUID=E96BC96311D31D2F4F006B8CDE9A0349 PKG=CommandoSkins FLAGS=1 SIZE=4318050 GEN=1 FNAME=CommandoSkins.utx
DevNet: PendingLevel received: USES GUID=2EFFE66311D3F849849EA3A930525B36 PKG=AscTex FLAGS=1 SIZE=2376554 GEN=1 FNAME=AscTex.utx
DevNet: PendingLevel received: USES GUID=A3B9695411D3BEE26000F0A9DC937D08 PKG=Factory FLAGS=1 SIZE=558319 GEN=1 FNAME=Factory.utx
DevNet: PendingLevel received: USES GUID=1E90ACC611D1ED664544279700005453 PKG=ShaneSky FLAGS=1 SIZE=584486 GEN=1 FNAME=ShaneSky.utx
DevNet: PendingLevel received: USES GUID=09C119E511D30CAA500071A971E61804 PKG=Indus4 FLAGS=1 SIZE=356893 GEN=1 FNAME=Indus4.utx
DevNet: PendingLevel received: USES GUID=E3E350A748FFB8C6A968B1A17D505AFB PKG=ds_ga FLAGS=1 SIZE=2029387 GEN=1 FNAME=ds_ga.umx
DevNet: PendingLevel received: USES GUID=7C59274311D2103E454484AD00005453 PKG=Addon1 FLAGS=1 SIZE=366282 GEN=1 FNAME=Addon1.uax
DevNet: PendingLevel received: USES GUID=120070514462D5CB359EA6BD5205C52F PKG=Zan_oc FLAGS=1 SIZE=1196663 GEN=1 FNAME=Zan_oc.umx
DevNet: PendingLevel received: USES GUID=5E06FA854D88D746B85695B6D289E51A PKG=ToNapali2 FLAGS=1 SIZE=609706 GEN=1 FNAME=ToNapali2.umx
DevNet: PendingLevel received: USES GUID=C073770811D2D1A4E000278383161081 PKG=Run FLAGS=1 SIZE=1707015 GEN=1 FNAME=Run.umx
DevNet: PendingLevel received: USES GUID=A8DD58724C93AD815818F8B641D8133C PKG=ds_can_u_b FLAGS=1 SIZE=1965877 GEN=1 FNAME=ds_can_u_b.umx
DevNet: PendingLevel received: USES GUID=93CC0A8111D3888FE0006295BE341081 PKG=SoldierSkins FLAGS=1 SIZE=7184269 GEN=1 FNAME=SoldierSkins.utx
DevNet: PendingLevel received: USES GUID=B7B49CA611D38BCDE0006395BE341081 PKG=FCommandoSkins FLAGS=1 SIZE=5093279 GEN=1 FNAME=FCommandoSkins.utx
DevNet: PendingLevel received: USES GUID=D4F6ABE111D385CAE0006295BE341081 PKG=SGirlSkins FLAGS=1 SIZE=7226959 GEN=1 FNAME=SGirlSkins.utx
DevNet: PendingLevel received: USES GUID=24E5A72411D321104F006B8CDE9A0349 PKG=BossSkins FLAGS=1 SIZE=1867811 GEN=1 FNAME=BossSkins.utx
DevNet: PendingLevel received: USES GUID=D011F66E11D3E9B81000D5B9F6F8975A PKG=Relics FLAGS=1 SIZE=455350 GEN=8 FNAME=Relics.u
DevNet: PendingLevel received: USES GUID=2F84A16011D3E71FA000518AB12F18D2 PKG=TCowMeshSkins FLAGS=3 SIZE=613832 GEN=1 FNAME=TCowMeshSkins.utx
DevNet: PendingLevel received: USES GUID=2F84A16111D3E71FA000518AB12F18D2 PKG=TNaliMeshSkins FLAGS=3 SIZE=542925 GEN=1 FNAME=TNaliMeshSkins.utx
DevNet: PendingLevel received: USES GUID=2F84A16311D3E71FA000518AB12F18D2 PKG=TSkMSkins FLAGS=1 SIZE=4076854 GEN=1 FNAME=TSkMSkins.utx
DevNet: PendingLevel received: USES GUID=FB1EB2314D8BF569AE12C6BF1A08A2F7 PKG=de FLAGS=1 SIZE=72169 GEN=1 FNAME=De.u
DevNet: PendingLevel received: DLMGR CLASS=Engine.ChannelDownload PARAMS=Enabled COMPRESSION=0
DevNet: PendingLevel received: WELCOME LEVEL=MH-[TB]-UnrealWorld2010 LONE=0
DevNet: Welcomed by server: LEVEL=MH-[TB]-UnrealWorld2010 LONE=0
Log: LoadMap: 192.168.1.41/MH-[TB]-UnrealWorld2010?LAN?Name=Player?Class=Botpack.TMale2?Team=0?skin=SoldierSkins.blkt?Face=SoldierSkins.Othello?Checksum=NoChecksum
DevAudio: Galaxy SetViewport: WindowsViewport0
Log: Collecting garbage
Log: Purging garbage
Log: -0.0ms Unloading: Package RainFX
NetComeGo: Close TcpipConnection0 02/09/19 22:53:28
Log: -0.0ms Unloading: Package MH-!!![Space-Port]
Log: -0.0ms Unloading: Package !!!spacehunt
Log: -0.0ms Unloading: Package FractalFX
Log: -0.0ms Unloading: Package UTtech3
Log: -0.0ms Unloading: Package VRikers
Log: -0.0ms Unloading: Package Extro
Log: -0.0ms Unloading: Package odesykilljoke
Exit: WinSock shut down
Log: Garbage: objects: 44304->42603; refs: 780733
Log: Level is Level MH-[TB]-UnrealWorld2010.MyLevel
Log: Bringing Level MH-[TB]-UnrealWorld2010.MyLevel up for play (312)...
Log: Spawning new actor for Viewport WindowsViewport0
ScriptLog: Team 0
ScriptLog: Login: Player
Log: Possessed PlayerPawn: TMale2 Entry.TMale4
Init: Initialized moving brush tracker for Level MH-[TB]-UnrealWorld2010.MyLevel
DevAudio: Galaxy SetViewport: WindowsViewport0
Log: D3D Driver: Preloaded 0K/125656K (0)
ScriptLog: Getting FCommandoSkins.goth1T_2, FCommandoSkins.goth2T_2, None, FCommandoSkins.goth4Freylis
ScriptLog: Getting FCommandoSkins.cmdo1T_0, FCommandoSkins.cmdo2T_0, None, FCommandoSkins.cmdo4Anna
ScriptLog: Getting UnrealI.Skins.sktrooper2, None, None, None
ScriptLog: Getting UnrealI.Skins.sktrooper1, None, None, None
ScriptLog: Getting UnrealI.Skins.sktrooper2, None, None, None
ScriptLog: Getting UnrealI.Skins.sktrooper1, None, None, None
ScriptLog: Getting UnrealI.Skins.sktrooper1, None, None, None
ScriptLog: Getting UnrealI.Skins.sktrooper1, None, None, None
ScriptLog: Getting UnrealI.Skins.sktrooper2, None, None, None
ScriptLog: Getting UnrealI.Skins.sktrooper2, None, None, None
ScriptLog: Getting UnrealI.Skins.sktrooper2, None, None, None
Log: Possessed PlayerPawn: TMale2 MH-[TB]-UnrealWorld2010.TMale5
ScriptWarning: MonsterHUD MH-[TB]-UnrealWorld2010.MonsterHUD2 (Function MonsterHunt.MonsterHUD.PostBeginPlay:0026) Accessed None
DevMusic: Load music: Music Zan_oc.Zan_oc
ScriptWarning: TMale2 MH-[TB]-UnrealWorld2010.TMale5 (Function Engine.PlayerPawn.ReceiveLocalizedMessage:0006) Accessed null class context
ScriptWarning: TMale2 MH-[TB]-UnrealWorld2010.TMale5 (Function Engine.PlayerPawn.ReceiveLocalizedMessage:0006) Accessed null class context
ScriptWarning: TMale2 MH-[TB]-UnrealWorld2010.TMale5 (Function Engine.PlayerPawn.ReceiveLocalizedMessage:0006) Accessed null class context
ScriptWarning: TMale2 MH-[TB]-UnrealWorld2010.TMale5 (Function Engine.PlayerPawn.ReceiveLocalizedMessage:0006) Accessed null class context
ScriptWarning: TMale2 MH-[TB]-UnrealWorld2010.TMale5 (Function Engine.PlayerPawn.ReceiveLocalizedMessage:0006) Accessed null class context
DevMusic: Unregister music: Music Zan_oc.Zan_oc
DevMusic: Load music: Music ToNapali2.ToNapali2
ScriptWarning: TMale2 MH-[TB]-UnrealWorld2010.TMale5 (Function Engine.PlayerPawn.ReceiveLocalizedMessage:0006) Accessed null class context
ScriptWarning: WarheadLauncher MH-[TB]-UnrealWorld2010.WarheadLauncher18 (Function Botpack.WarheadLauncher.PostRender:00C4) Accessed None
ScriptWarning: TMale2 MH-[TB]-UnrealWorld2010.TMale5 (Function Engine.PlayerPawn.ReceiveLocalizedMessage:0006) Accessed null class context
ScriptWarning: TMale2 MH-[TB]-UnrealWorld2010.TMale5 (Function Engine.PlayerPawn.ReceiveLocalizedMessage:0006) Accessed null class context
ScriptWarning: TMale2 MH-[TB]-UnrealWorld2010.TMale5 (Function Engine.PlayerPawn.ReceiveLocalizedMessage:0006) Accessed null class context
ScriptWarning: TMale2 MH-[TB]-UnrealWorld2010.TMale5 (Function Engine.PlayerPawn.ReceiveLocalizedMessage:0006) Accessed null class context
ScriptWarning: TMale2 MH-[TB]-UnrealWorld2010.TMale5 (Function Engine.PlayerPawn.ReceiveLocalizedMessage:0006) Accessed null class context
ScriptWarning: TMale2 MH-[TB]-UnrealWorld2010.TMale5 (Function Engine.PlayerPawn.ReceiveLocalizedMessage:0006) Accessed null class context
ScriptWarning: TMale2 MH-[TB]-UnrealWorld2010.TMale5 (Function Engine.PlayerPawn.ReceiveLocalizedMessage:0006) Accessed null class context
ScriptWarning: TMale2 MH-[TB]-UnrealWorld2010.TMale5 (Function Engine.PlayerPawn.ReceiveLocalizedMessage:0006) Accessed null class context
ScriptWarning: TMale2 MH-[TB]-UnrealWorld2010.TMale5 (Function Engine.PlayerPawn.ReceiveLocalizedMessage:0006) Accessed null class context
ScriptWarning: TMale2 MH-[TB]-UnrealWorld2010.TMale5 (Function Engine.PlayerPawn.ReceiveLocalizedMessage:0006) Accessed null class context
ScriptWarning: TMale2 MH-[TB]-UnrealWorld2010.TMale5 (Function Engine.PlayerPawn.ReceiveLocalizedMessage:0006) Accessed null class context
ScriptWarning: TMale2 MH-[TB]-UnrealWorld2010.TMale5 (Function Engine.PlayerPawn.ReceiveLocalizedMessage:0006) Accessed null class context
ScriptWarning: TMale2 MH-[TB]-UnrealWorld2010.TMale5 (Function Engine.PlayerPawn.ReceiveLocalizedMessage:0006) Accessed null class context
ScriptWarning: TMale2 MH-[TB]-UnrealWorld2010.TMale5 (Function Engine.PlayerPawn.ReceiveLocalizedMessage:0006) Accessed null class context
ScriptWarning: TMale2 MH-[TB]-UnrealWorld2010.TMale5 (Function Engine.PlayerPawn.ReceiveLocalizedMessage:0006) Accessed null class context
ScriptWarning: TMale2 MH-[TB]-UnrealWorld2010.TMale5 (Function Engine.PlayerPawn.ReceiveLocalizedMessage:0006) Accessed null class context
ScriptWarning: TMale2 MH-[TB]-UnrealWorld2010.TMale5 (Function Engine.PlayerPawn.ReceiveLocalizedMessage:0006) Accessed null class context
ScriptWarning: TMale2 MH-[TB]-UnrealWorld2010.TMale5 (Function Engine.PlayerPawn.ReceiveLocalizedMessage:0006) Accessed null class context
ScriptWarning: TMale2 MH-[TB]-UnrealWorld2010.TMale5 (Function Engine.PlayerPawn.ReceiveLocalizedMessage:0006) Accessed null class context
ScriptWarning: TMale2 MH-[TB]-UnrealWorld2010.TMale5 (Function Engine.PlayerPawn.ReceiveLocalizedMessage:0006) Accessed null class context
ScriptWarning: TMale2 MH-[TB]-UnrealWorld2010.TMale5 (Function Engine.PlayerPawn.ReceiveLocalizedMessage:0006) Accessed null class context
ScriptWarning: TMale2 MH-[TB]-UnrealWorld2010.TMale5 (Function Engine.PlayerPawn.ReceiveLocalizedMessage:0006) Accessed null class context
ScriptWarning: TMale2 MH-[TB]-UnrealWorld2010.TMale5 (Function Engine.PlayerPawn.ReceiveLocalizedMessage:0006) Accessed null class context
ScriptWarning: TMale2 MH-[TB]-UnrealWorld2010.TMale5 (Function Engine.PlayerPawn.ReceiveLocalizedMessage:0006) Accessed null class context
ScriptWarning: OLStinger MH-[TB]-UnrealWorld2010.OLstinger1 (Function Botpack.TournamentWeapon.PlaySelect:0043) PlayAnim: Sequence 'Select' not found in Mesh 'StingerPickup'
ScriptWarning: OLStinger MH-[TB]-UnrealWorld2010.OLstinger1 (Function Botpack.TournamentWeapon.PlaySelect:0049) Accessed None
ScriptWarning: OLStinger MH-[TB]-UnrealWorld2010.OLstinger1 (Function Botpack.TournamentWeapon.TweenDown:0054) PlayAnim: Sequence 'Down' not found in Mesh 'StingerPickup'
ScriptWarning: OLStinger MH-[TB]-UnrealWorld2010.OLstinger1 (Function Botpack.TournamentWeapon.PlaySelect:0043) PlayAnim: Sequence 'Select' not found in Mesh 'StingerPickup'
ScriptWarning: OLStinger MH-[TB]-UnrealWorld2010.OLstinger1 (Function Botpack.TournamentWeapon.PlaySelect:0049) Accessed None
ScriptWarning: OLStinger MH-[TB]-UnrealWorld2010.OLstinger1 (Function Botpack.TournamentWeapon.TweenDown:0054) PlayAnim: Sequence 'Down' not found in Mesh 'StingerPickup'
ScriptWarning: TMale2 MH-[TB]-UnrealWorld2010.TMale5 (Function Engine.PlayerPawn.ReceiveLocalizedMessage:0006) Accessed null class context
ScriptWarning: TMale2 MH-[TB]-UnrealWorld2010.TMale5 (Function Engine.PlayerPawn.ReceiveLocalizedMessage:0006) Accessed null class context
ScriptWarning: TMale2 MH-[TB]-UnrealWorld2010.TMale5 (Function Engine.PlayerPawn.ReceiveLocalizedMessage:0006) Accessed null class context
ScriptWarning: TMale2 MH-[TB]-UnrealWorld2010.TMale5 (Function Engine.PlayerPawn.ReceiveLocalizedMessage:0006) Accessed null class context
DevMusic: Unregister music: Music ToNapali2.ToNapali2
DevMusic: Load music: Music Run.Run
ScriptWarning: TMale2 MH-[TB]-UnrealWorld2010.TMale5 (Function Engine.PlayerPawn.ReceiveLocalizedMessage:0006) Accessed null class context
ScriptWarning: TMale2 MH-[TB]-UnrealWorld2010.TMale5 (Function Engine.PlayerPawn.ReceiveLocalizedMessage:0006) Accessed null class context
ScriptWarning: TMale2 MH-[TB]-UnrealWorld2010.TMale5 (Function Engine.PlayerPawn.ReceiveLocalizedMessage:0006) Accessed null class context
ScriptWarning: TMale2 MH-[TB]-UnrealWorld2010.TMale5 (Function Engine.PlayerPawn.ReceiveLocalizedMessage:0006) Accessed null class context
ScriptWarning: TMale2 MH-[TB]-UnrealWorld2010.TMale5 (Function Engine.PlayerPawn.ReceiveLocalizedMessage:0006) Accessed null class context
ScriptWarning: TMale2 MH-[TB]-UnrealWorld2010.TMale5 (Function Engine.PlayerPawn.ReceiveLocalizedMessage:0006) Accessed null class context
ScriptWarning: TMale2 MH-[TB]-UnrealWorld2010.TMale5 (Function Engine.PlayerPawn.ReceiveLocalizedMessage:0006) Accessed null class context
ScriptWarning: TMale2 MH-[TB]-UnrealWorld2010.TMale5 (Function Engine.PlayerPawn.ReceiveLocalizedMessage:0006) Accessed null class context
DevMusic: Unregister music: Music Run.Run
DevMusic: Load music: Music ds_can_u_b.ds_can_u_b
ScriptWarning: TMale2 MH-[TB]-UnrealWorld2010.TMale5 (Function Engine.PlayerPawn.ReceiveLocalizedMessage:0006) Accessed null class context
ScriptWarning: TMale2 MH-[TB]-UnrealWorld2010.TMale5 (Function Engine.PlayerPawn.ReceiveLocalizedMessage:0006) Accessed null class context
ScriptWarning: TMale2 MH-[TB]-UnrealWorld2010.TMale5 (Function Engine.PlayerPawn.ReceiveLocalizedMessage:0006) Accessed null class context
ScriptWarning: TMale2 MH-[TB]-UnrealWorld2010.TMale5 (Function Engine.PlayerPawn.ReceiveLocalizedMessage:0006) Accessed null class context
ScriptWarning: TMale2 MH-[TB]-UnrealWorld2010.TMale5 (Function Engine.PlayerPawn.ReceiveLocalizedMessage:0006) Accessed null class context
ScriptWarning: TMale2 MH-[TB]-UnrealWorld2010.TMale5 (Function